[ 2016-07-21T00:02:15+08:00 ] ::1 /newshop/manager/login
ERR: 无法加载控制器:Manager

[ 2016-07-21T00:11:46+08:00 ] ::1 /newshop/manager/
ERR: 无法加载控制器:Manager

[ 2016-07-21T15:41:40+08:00 ] ::1 /newshop/Public/component/ueditor/ueditor.config.js
ERR: 无法加载控制器:Public

[ 2016-07-21T15:41:40+08:00 ] ::1 /newshop/Public/component/ueditor/ueditor.all.js
ERR: 无法加载控制器:Public

[ 2016-07-21T15:41:40+08:00 ] ::1 /newshop/Public/component/ueditor/ueditor.all.js
ERR: 无法加载控制器:Public

[ 2016-07-21T15:41:43+08:00 ] ::1 /newshop/Public/component/ueditor/ueditor.config.js
ERR: 无法加载控制器:Public

[ 2016-07-21T15:41:43+08:00 ] ::1 /newshop/Public/component/ueditor/ueditor.all.js
ERR: 无法加载控制器:Public

[ 2016-07-21T15:41:48+08:00 ] ::1 /newshop/Public/component/ueditor/ueditor.all.js
ERR: 无法加载控制器:Public

[ 2016-07-21T15:41:55+08:00 ] ::1 /newshop/Public/component/ueditor/ueditor.config.js
ERR: 无法加载控制器:Public

[ 2016-07-21T15:42:06+08:00 ] ::1 /newshop/Public/component/ueditor/ueditor.all.js
ERR: 无法加载控制器:Public

[ 2016-07-21T15:43:40+08:00 ] ::1 /newshop/AdminPublic/component/ueditor/ueditor.config.js
ERR: 无法加载控制器:AdminPublic

[ 2016-07-21T15:44:06+08:00 ] ::1 /newshop/Public/component/ueditor/ueditor.config.js
ERR: 无法加载控制器:Public

[ 2016-07-21T22:16:08+08:00 ] ::1 /newshop/Public/css/style.css
ERR: 无法加载控制器:Public

[ 2016-07-21T22:20:04+08:00 ] ::1 /newshop/Public/css/style.css
ERR: 无法加载控制器:Public

[ 2016-07-21T22:21:56+08:00 ] ::1 /newshop/css/style.css
ERR: 无法加载控制器:Css

[ 2016-07-21T22:24:52+08:00 ] ::1 /newshop/Public/static/home/css/style.css
ERR: 无法加载控制器:Public

[ 2016-07-21T23:02:51+08:00 ] ::1 /newshop/Home/Application/Public//static/home/css/style.css
ERR: 无法加载控制器:Application

[ 2016-07-21T23:02:56+08:00 ] ::1 /newshop/Home/Application/Public//static/home/css/style.css
ERR: 无法加载控制器:Application

[ 2016-07-21T23:02:59+08:00 ] ::1 /newshop/Home/Application/Public//static/home/css/style.css
ERR: 无法加载控制器:Application

[ 2016-07-21T23:26:57+08:00 ] ::1 /newshop/Public/static/home/css/style.css
ERR: 无法加载控制器:Public

[ 2016-07-21T23:27:05+08:00 ] ::1 /newshop/Home/%7BArray[0]%7D
ERR: 无法加载控制器:{Array[0]}

[ 2016-07-21T23:28:26+08:00 ] ::1 /newshop/Home/%7BArray[0]%7D
ERR: 无法加载控制器:{Array[0]}

[ 2016-07-21T23:30:50+08:00 ] ::1 /newshop/Home/%7B($v.goods_img%7Cexplode=',',
ERR: 无法加载控制器:{($v.goods_img|explode=',',

[ 2016-07-21T23:30:59+08:00 ] ::1 /newshop/Home/%7B($v.goods_img%7Cexplode=',',
ERR: 无法加载控制器:{($v.goods_img|explode=',',

[ 2016-07-21T23:31:10+08:00 ] ::1 /newshop/Home/%7B($v.goods_img%7Cexplode=',',
ERR: 无法加载控制器:{($v.goods_img|explode=',',

[ 2016-07-21T23:39:30+08:00 ] ::1 /newshop/Home/Arraygoods_img
ERR: 无法加载控制器:Arraygoods_img

[ 2016-07-21T23:55:18+08:00 ] ::1 /newshop/Home/Goods/add?id=19
ERR: 非法操作:add

