[ 2016-08-12T04:22:11+08:00 ] ::1 /newshop/test
ERR: 无法加载控制器:Test

[ 2016-08-12T04:22:40+08:00 ] ::1 /newshop/home/test
ERR: 无法加载控制器:Test

[ 2016-08-12T04:25:23+08:00 ] ::1 /newshop/home/test
ERR: 无法加载控制器:Test

[ 2016-08-12T04:28:52+08:00 ] ::1 /newshop/home/test
ERR: 无法加载控制器:Test

[ 2016-08-12T04:28:57+08:00 ] ::1 /newshop//test
ERR: 无法加载控制器:Test

[ 2016-08-12T04:29:01+08:00 ] ::1 /newshop/test
ERR: 无法加载控制器:Test

[ 2016-08-12T04:29:07+08:00 ] ::1 /newshop/test
ERR: 无法加载控制器:Test

[ 2016-08-12T04:29:08+08:00 ] ::1 /newshop/test
ERR: 无法加载控制器:Test

[ 2016-08-12T04:29:08+08:00 ] ::1 /newshop/test
ERR: 无法加载控制器:Test

[ 2016-08-12T04:29:09+08:00 ] ::1 /newshop/test
ERR: 无法加载控制器:Test

[ 2016-08-12T04:29:09+08:00 ] ::1 /newshop/test
ERR: 无法加载控制器:Test

[ 2016-08-12T04:29:14+08:00 ] ::1 /newshop/test
ERR: 无法加载控制器:Test

[ 2016-08-12T04:29:16+08:00 ] ::1 /newshop/test
ERR: 无法加载控制器:Test

[ 2016-08-12T04:29:16+08:00 ] ::1 /newshop/test
ERR: 无法加载控制器:Test

[ 2016-08-12T04:29:17+08:00 ] ::1 /newshop/test
ERR: 无法加载控制器:Test

[ 2016-08-12T04:29:17+08:00 ] ::1 /newshop/test
ERR: 无法加载控制器:Test

[ 2016-08-12T04:29:22+08:00 ] ::1 /newshop/test
ERR: 无法加载控制器:Test

[ 2016-08-12T04:29:27+08:00 ] ::1 /newshop/index.php/test
ERR: 无法加载控制器:Test

[ 2016-08-12T04:29:36+08:00 ] ::1 /newshop/test
ERR: 无法加载控制器:Test

[ 2016-08-12T04:29:42+08:00 ] ::1 /newshop/test
ERR: 无法加载控制器:Test

[ 2016-08-12T04:30:04+08:00 ] ::1 /newshop/test
ERR: 无法加载控制器:Test

[ 2016-08-12T04:30:05+08:00 ] ::1 /newshop/test
ERR: 无法加载控制器:Test

[ 2016-08-12T04:30:13+08:00 ] ::1 /newshop/test
ERR: 无法加载控制器:Test

[ 2016-08-12T04:30:14+08:00 ] ::1 /newshop/test
ERR: 无法加载控制器:Test

[ 2016-08-12T04:30:15+08:00 ] ::1 /newshop/test
ERR: 无法加载控制器:Test

[ 2016-08-12T04:30:15+08:00 ] ::1 /newshop/test
ERR: 无法加载控制器:Test

[ 2016-08-12T04:30:15+08:00 ] ::1 /newshop/test
ERR: 无法加载控制器:Test

[ 2016-08-12T04:43:06+08:00 ] ::1 /newshop/test
ERR: 无法加载控制器:Test

[ 2016-08-12T04:43:07+08:00 ] ::1 /newshop/test
ERR: 无法加载控制器:Test

[ 2016-08-12T04:46:44+08:00 ] ::1 /newshop/test
ERR: 无法加载控制器:Test

