[ 2016-08-21T10:13:05+08:00 ] ::1 /newshop/Index.php/Home/User/checkCaptcha?data=qn6u
INFO: [ app_begin ] --START--
INFO: Run Behavior\ReadHtmlCacheBehavior [ RunTime:0.001064s ]
INFO: [ app_begin ] --END-- [ RunTime:0.001709s ]
SQL: SHOW COLUMNS FROM `newshop_home_menu` [ RunTime:0.0212s ]
SQL: SELECT * FROM `newshop_home_menu` WHERE ( name='home/user/checkcaptcha' ) LIMIT 1   [ RunTime:0.0005s ]
SQL: SELECT * FROM `newshop_home_menu`  [ RunTime:0.0005s ]
NOTIC: [8] Undefined variable: info F:\Dropbox\WorkPlace\WWW\newshop\Application\Common\Model\BaseModel.class.php 第 58 行.
NOTIC: [8] Undefined variable: info F:\Dropbox\WorkPlace\WWW\newshop\Application\Common\Model\BaseModel.class.php 第 69 行.

[ 2016-08-21T10:13:17+08:00 ] ::1 /newshop/Index.php/Home/User/checkCaptcha?data=qn6u
INFO: [ app_begin ] --START--
INFO: Run Behavior\ReadHtmlCacheBehavior [ RunTime:0.001466s ]
INFO: [ app_begin ] --END-- [ RunTime:0.002331s ]
SQL: SHOW COLUMNS FROM `newshop_home_menu` [ RunTime:0.0034s ]
SQL: SELECT * FROM `newshop_home_menu` WHERE ( name='home/user/checkcaptcha' ) LIMIT 1   [ RunTime:0.0098s ]
SQL: SELECT * FROM `newshop_home_menu`  [ RunTime:0.0015s ]
NOTIC: [8] Undefined variable: info F:\Dropbox\WorkPlace\WWW\newshop\Application\Common\Model\BaseModel.class.php 第 58 行.
NOTIC: [8] Undefined variable: info F:\Dropbox\WorkPlace\WWW\newshop\Application\Common\Model\BaseModel.class.php 第 69 行.

[ 2016-08-21T10:14:11+08:00 ] ::1 /newshop/Index.php/Home/User/checkCaptcha?data=vwc5
INFO: [ app_begin ] --START--
INFO: Run Behavior\ReadHtmlCacheBehavior [ RunTime:0.000981s ]
INFO: [ app_begin ] --END-- [ RunTime:0.001491s ]
SQL: SHOW COLUMNS FROM `newshop_home_menu` [ RunTime:0.0020s ]
SQL: SELECT * FROM `newshop_home_menu` WHERE ( name='home/user/checkcaptcha' ) LIMIT 1   [ RunTime:0.0007s ]
SQL: SELECT * FROM `newshop_home_menu`  [ RunTime:0.0006s ]
NOTIC: [8] Undefined variable: info F:\Dropbox\WorkPlace\WWW\newshop\Application\Common\Model\BaseModel.class.php 第 58 行.
NOTIC: [8] Undefined variable: info F:\Dropbox\WorkPlace\WWW\newshop\Application\Common\Model\BaseModel.class.php 第 69 行.

[ 2016-08-21T10:14:56+08:00 ] ::1 /newshop/Index.php/Home/User/checkCaptcha?data=2kev
INFO: [ app_begin ] --START--
INFO: Run Behavior\ReadHtmlCacheBehavior [ RunTime:0.000990s ]
INFO: [ app_begin ] --END-- [ RunTime:0.001715s ]
SQL: SHOW COLUMNS FROM `newshop_home_menu` [ RunTime:0.0013s ]
SQL: SELECT * FROM `newshop_home_menu` WHERE ( name='home/user/checkcaptcha' ) LIMIT 1   [ RunTime:0.0006s ]
SQL: SELECT * FROM `newshop_home_menu`  [ RunTime:0.0007s ]
NOTIC: [8] Undefined variable: info F:\Dropbox\WorkPlace\WWW\newshop\Application\Common\Model\BaseModel.class.php 第 58 行.
NOTIC: [8] Undefined variable: info F:\Dropbox\WorkPlace\WWW\newshop\Application\Common\Model\BaseModel.class.php 第 69 行.

