[ 2016-07-20T23:54:49+08:00 ] ::1 /newshop//Index/index.html
ERR: 无法加载模块:Index

[ 2016-07-20T23:54:51+08:00 ] ::1 /newshop/Index/index.html
ERR: 无法加载模块:Index

[ 2016-07-20T23:54:55+08:00 ] ::1 /newshop/Index/index.html
ERR: 无法加载模块:Index

[ 2016-07-20T23:56:32+08:00 ] ::1 /newshop/Index/index.html
ERR: 无法加载模块:Index

[ 2016-07-20T23:56:40+08:00 ] ::1 /newshop/Index/index
ERR: 无法加载模块:Index

[ 2016-07-20T23:56:47+08:00 ] ::1 /newshop/Index/test
ERR: 无法加载模块:Test

[ 2016-07-20T23:56:58+08:00 ] ::1 /newshop/Index/test
ERR: 无法加载模块:Test

[ 2016-07-20T23:57:02+08:00 ] ::1 /newshop/Inde
ERR: 无法加载模块:Inde

[ 2016-07-20T23:57:09+08:00 ] ::1 /newshop/manager/
ERR: 无法加载模块:Manager

[ 2016-07-20T23:57:15+08:00 ] ::1 /newshop/manager/login
ERR: 无法加载模块:Manager

[ 2016-07-20T23:57:23+08:00 ] ::1 /newshop/manager/login
ERR: 无法加载模块:Manager

[ 2016-07-20T23:57:53+08:00 ] ::1 /newshop/login
ERR: 无法加载模块:Login

