[ 2016-07-15T04:21:31+08:00 ] ::1 /newshop/index.php/Admin/Manager/checkCaptcha?data=mthj
INFO: [ app_begin ] --START--
INFO: Run Behavior\ReadHtmlCacheBehavior [ RunTime:0.002360s ]
INFO: [ app_begin ] --END-- [ RunTime:0.004063s ]

[ 2016-07-15T04:24:04+08:00 ] ::1 /newshop/index.php/Admin/Manager/checkCaptcha?data=cwxe
INFO: [ app_begin ] --START--
INFO: Run Behavior\ReadHtmlCacheBehavior [ RunTime:0.001596s ]
INFO: [ app_begin ] --END-- [ RunTime:0.002752s ]

[ 2016-07-15T04:24:32+08:00 ] ::1 /newshop/index.php/Admin/Manager/checkCaptcha?data=xxe4
INFO: [ app_begin ] --START--
INFO: Run Behavior\ReadHtmlCacheBehavior [ RunTime:0.001089s ]
INFO: [ app_begin ] --END-- [ RunTime:0.001663s ]

[ 2016-07-15T04:26:20+08:00 ] ::1 /newshop/index.php/Admin/Manager/checkCaptcha?data=rjb3
INFO: [ app_begin ] --START--
INFO: Run Behavior\ReadHtmlCacheBehavior [ RunTime:0.001600s ]
INFO: [ app_begin ] --END-- [ RunTime:0.002140s ]

[ 2016-07-15T04:31:18+08:00 ] ::1 /newshop/index.php/Admin/Manager/checkCaptcha?data=6nkv
INFO: [ app_begin ] --START--
INFO: Run Behavior\ReadHtmlCacheBehavior [ RunTime:0.001531s ]
INFO: [ app_begin ] --END-- [ RunTime:0.003023s ]

[ 2016-07-15T04:32:54+08:00 ] ::1 /newshop/index.php/Admin/Manager/checkCaptcha?data=jlmw
INFO: [ app_begin ] --START--
INFO: Run Behavior\ReadHtmlCacheBehavior [ RunTime:0.001703s ]
INFO: [ app_begin ] --END-- [ RunTime:0.002574s ]

[ 2016-07-15T04:35:31+08:00 ] ::1 /newshop/index.php/Admin/Manager/checkCaptcha?data=mlei
INFO: [ app_begin ] --START--
INFO: Run Behavior\ReadHtmlCacheBehavior [ RunTime:0.001132s ]
INFO: [ app_begin ] --END-- [ RunTime:0.001712s ]

[ 2016-07-15T22:10:31+08:00 ] ::1 /newshop/index.php/Admin/Goods/del?id=10
INFO: [ app_begin ] --START--
INFO: Run Behavior\ReadHtmlCacheBehavior [ RunTime:0.000938s ]
INFO: [ app_begin ] --END-- [ RunTime:0.001476s ]
SQL: SHOW COLUMNS FROM `newshop_goods` [ RunTime:0.0009s ]
NOTIC: [8] Undefined variable: good F:\Dropbox\WorkPlace\WWW\newshop\Application\Admin\Controller\GoodsController.class.php 第 101 行.

[ 2016-07-15T22:11:49+08:00 ] ::1 /newshop/index.php/Admin/Goods/del?id=10
INFO: [ app_begin ] --START--
INFO: Run Behavior\ReadHtmlCacheBehavior [ RunTime:0.000870s ]
INFO: [ app_begin ] --END-- [ RunTime:0.001409s ]
SQL: SHOW COLUMNS FROM `newshop_goods` [ RunTime:0.0010s ]
NOTIC: [8] Undefined variable: good F:\Dropbox\WorkPlace\WWW\newshop\Application\Admin\Controller\GoodsController.class.php 第 101 行.

[ 2016-07-15T22:12:18+08:00 ] ::1 /newshop/index.php/Admin/Goods/del?id=10
INFO: [ app_begin ] --START--
INFO: Run Behavior\ReadHtmlCacheBehavior [ RunTime:0.001187s ]
INFO: [ app_begin ] --END-- [ RunTime:0.001896s ]
SQL: SHOW COLUMNS FROM `newshop_goods` [ RunTime:0.0017s ]
SQL: SELECT * FROM `newshop_goods` WHERE `id` = 10 LIMIT 1   [ RunTime:0.0008s ]
SQL: UPDATE `newshop_goods` SET `is_delete`='1' WHERE ( id=10 ) [ RunTime:0.0011s ]

[ 2016-07-15T22:12:43+08:00 ] ::1 /newshop/index.php/Admin/Goods/del?id=10
INFO: [ app_begin ] --START--
INFO: Run Behavior\ReadHtmlCacheBehavior [ RunTime:0.001196s ]
INFO: [ app_begin ] --END-- [ RunTime:0.001963s ]
SQL: SHOW COLUMNS FROM `newshop_goods` [ RunTime:0.0011s ]
SQL: SELECT * FROM `newshop_goods` WHERE `id` = 10 LIMIT 1   [ RunTime:0.0005s ]
SQL: UPDATE `newshop_goods` SET `is_delete`='1' WHERE ( id=10 ) [ RunTime:0.0004s ]

[ 2016-07-15T22:15:37+08:00 ] ::1 /newshop/index.php/Admin/Goods/del?id=9
INFO: [ app_begin ] --START--
INFO: Run Behavior\ReadHtmlCacheBehavior [ RunTime:0.001207s ]
INFO: [ app_begin ] --END-- [ RunTime:0.001776s ]
SQL: SHOW COLUMNS FROM `newshop_goods` [ RunTime:0.0014s ]
SQL: SELECT * FROM `newshop_goods` WHERE `id` = 9 LIMIT 1   [ RunTime:0.0008s ]
SQL: UPDATE `newshop_goods` SET `is_delete`='1' WHERE ( id=9 ) [ RunTime:0.0006s ]
INFO: [ app_end ] --START--
INFO: Run Behavior\ShowPageTraceBehavior [ RunTime:0.001763s ]
INFO: [ app_end ] --END-- [ RunTime:0.002042s ]

[ 2016-07-15T22:16:13+08:00 ] ::1 /newshop/index.php/Admin/Goods/del?id=8
INFO: [ app_begin ] --START--
INFO: Run Behavior\ReadHtmlCacheBehavior [ RunTime:0.001440s ]
INFO: [ app_begin ] --END-- [ RunTime:0.002362s ]
SQL: SHOW COLUMNS FROM `newshop_goods` [ RunTime:0.0011s ]
SQL: SELECT * FROM `newshop_goods` WHERE `id` = 8 LIMIT 1   [ RunTime:0.0005s ]
SQL: UPDATE `newshop_goods` SET `is_delete`='1' WHERE ( id=8 ) [ RunTime:0.0004s ]
INFO: [ app_end ] --START--
INFO: Run Behavior\ShowPageTraceBehavior [ RunTime:0.001056s ]
INFO: [ app_end ] --END-- [ RunTime:0.001171s ]

[ 2016-07-15T22:16:16+08:00 ] ::1 /newshop/index.php/Admin/Goods/del?id=7
INFO: [ app_begin ] --START--
INFO: Run Behavior\ReadHtmlCacheBehavior [ RunTime:0.001702s ]
INFO: [ app_begin ] --END-- [ RunTime:0.002632s ]
SQL: SHOW COLUMNS FROM `newshop_goods` [ RunTime:0.0012s ]
SQL: SELECT * FROM `newshop_goods` WHERE `id` = 7 LIMIT 1   [ RunTime:0.0007s ]
SQL: UPDATE `newshop_goods` SET `is_delete`='1' WHERE ( id=7 ) [ RunTime:0.0005s ]
INFO: [ app_end ] --START--
INFO: Run Behavior\ShowPageTraceBehavior [ RunTime:0.001629s ]
INFO: [ app_end ] --END-- [ RunTime:0.001869s ]

[ 2016-07-15T23:27:32+08:00 ] ::1 /newshop/index.php/Admin/Goods/index?p=1&cat=7
ERR: 1054:Unknown column 'Array' in 'where clause'
 [ SQL语句 ] : SELECT * FROM `newshop_goods` WHERE ( is_delete=0 AND cat_id in(Array) ) ORDER BY add_time desc LIMIT 0,5  

[ 2016-07-15T23:29:54+08:00 ] ::1 /newshop/index.php/Admin/Goods/index?p=1&cat=7
ERR: 1064:You have an error in your SQL syntax; check the manual that corresponds to your MySQL server version for the right syntax to use near ') ) ORDER BY add_time desc LIMIT 0,5' at line 1
 [ SQL语句 ] : SELECT * FROM `newshop_goods` WHERE ( is_delete=0 AND cat_id in() ) ORDER BY add_time desc LIMIT 0,5  

[ 2016-07-15T23:32:00+08:00 ] ::1 /newshop/index.php/Admin/Goods/index?p=1&cat=9
ERR: 1064:You have an error in your SQL syntax; check the manual that corresponds to your MySQL server version for the right syntax to use near ') ) ORDER BY add_time desc LIMIT 0,5' at line 1
 [ SQL语句 ] : SELECT * FROM `newshop_goods` WHERE ( is_delete=0 AND cat_id in() ) ORDER BY add_time desc LIMIT 0,5  

