[ 2016-07-23T19:38:26+08:00 ] ::1 /newshop/Admin/Manager/checkCaptcha?data=2kqs
INFO: [ app_begin ] --START--
INFO: Run Behavior\ReadHtmlCacheBehavior [ RunTime:0.000727s ]
INFO: [ app_begin ] --END-- [ RunTime:0.001224s ]

[ 2016-07-23T21:15:04+08:00 ] ::1 /newshop/Admin/group/modify
ERR: 参数错误或者未定义:id

[ 2016-07-23T21:15:11+08:00 ] ::1 /newshop/Admin/group/modify
ERR: 参数错误或者未定义:id

[ 2016-07-23T21:15:25+08:00 ] ::1 /newshop/Admin/group/modify
ERR: 参数错误或者未定义:id

[ 2016-07-23T21:15:39+08:00 ] ::1 /newshop/Admin/group/modify
ERR: 参数错误或者未定义:id

[ 2016-07-23T21:15:43+08:00 ] ::1 /newshop/Admin/group/modify
ERR: 参数错误或者未定义:id

[ 2016-07-23T21:15:52+08:00 ] ::1 /newshop/Admin/group/modify
ERR: 参数错误或者未定义:id

[ 2016-07-23T21:16:36+08:00 ] ::1 /newshop/Admin/goods/upImg
ERR: 非法操作:upImg

[ 2016-07-23T21:37:11+08:00 ] ::1 /newshop/Admin/Group/ajaxmodify
INFO: [ app_begin ] --START--
INFO: Run Behavior\ReadHtmlCacheBehavior [ RunTime:0.001241s ]
INFO: [ app_begin ] --END-- [ RunTime:0.001942s ]
SQL: SHOW COLUMNS FROM `newshop_auth_group` [ RunTime:0.0010s ]
NOTIC: [8] Undefined index: validate F:\Dropbox\WorkPlace\WWW\newshop\ThinkPHP\Library\Think\Model.class.php 第 1297 行.
NOTIC: [8] Undefined index: auto F:\Dropbox\WorkPlace\WWW\newshop\ThinkPHP\Library\Think\Model.class.php 第 1228 行.
SQL: UPDATE `newshop_auth_group` SET `title`='管理员',`rules`='19,21,20,15,18,17,16,9,14,13,12,11,10,3,8,7,6,5,4,2,1' WHERE `id` = '1' [ RunTime:0.0007s ]

[ 2016-07-23T21:38:14+08:00 ] ::1 /newshop/Admin/Group/ajaxmodify
INFO: [ app_begin ] --START--
INFO: Run Behavior\ReadHtmlCacheBehavior [ RunTime:0.000923s ]
INFO: [ app_begin ] --END-- [ RunTime:0.001496s ]
SQL: SHOW COLUMNS FROM `newshop_auth_group` [ RunTime:0.0007s ]
NOTIC: [8] Undefined index: validate F:\Dropbox\WorkPlace\WWW\newshop\ThinkPHP\Library\Think\Model.class.php 第 1297 行.
NOTIC: [8] Undefined index: auto F:\Dropbox\WorkPlace\WWW\newshop\ThinkPHP\Library\Think\Model.class.php 第 1228 行.
SQL: UPDATE `newshop_auth_group` SET `title`='一般员工',`rules`='19,21,20,15,18,17,16,2,1' WHERE `id` = '3' [ RunTime:0.0004s ]

[ 2016-07-23T22:02:56+08:00 ] ::1 /newshop/Admin/Manager/checkCaptcha?data=pvlh
INFO: [ app_begin ] --START--
INFO: Run Behavior\ReadHtmlCacheBehavior [ RunTime:0.001128s ]
INFO: [ app_begin ] --END-- [ RunTime:0.001950s ]

[ 2016-07-23T22:02:57+08:00 ] ::1 /newshop/Admin/Index/index.html
ERR: 1146:Table 'newshop.newshop_member' doesn't exist
 [ SQL语句 ] : SHOW COLUMNS FROM `newshop_member`

[ 2016-07-23T22:36:51+08:00 ] ::1 /newshop/Admin/Manager/checkCaptcha?data=ctp5
INFO: [ app_begin ] --START--
INFO: Run Behavior\ReadHtmlCacheBehavior [ RunTime:0.001225s ]
INFO: [ app_begin ] --END-- [ RunTime:0.001938s ]
SQL: SHOW COLUMNS FROM `newshop_auth_group_access` [ RunTime:0.0497s ]
SQL: SELECT `uid`,`group_id`,`title`,`rules` FROM newshop_auth_group_access a INNER JOIN newshop_auth_group g on a.group_id=g.id  WHERE ( a.uid='1141' and g.status='1' )  [ RunTime:0.0008s ]
SQL: SHOW COLUMNS FROM `newshop_auth_rule` [ RunTime:0.0010s ]
SQL: SELECT `condition`,`name` FROM `newshop_auth_rule` WHERE `id` IN ('19','21','20','15','18','17','16','9','14','13','12','11','10','3','8','7','6','5','4','2','1') AND `type` = 1 AND `status` = 1  [ RunTime:0.0006s ]
SQL: SHOW COLUMNS FROM `newshop_mg_users` [ RunTime:0.0010s ]
SQL: SELECT * FROM `newshop_mg_users` LIMIT 1   [ RunTime:0.0005s ]
NOTIC: [8] Use of undefined constant condition - assumed 'condition' F:\Dropbox\WorkPlace\WWW\newshop\ThinkPHP\Library\Think\Auth.class.php(216) : eval()'d code 第 1 行.
NOTIC: [8] Use of undefined constant condition - assumed 'condition' F:\Dropbox\WorkPlace\WWW\newshop\ThinkPHP\Library\Think\Auth.class.php(216) : eval()'d code 第 1 行.
NOTIC: [8] Use of undefined constant condition - assumed 'condition' F:\Dropbox\WorkPlace\WWW\newshop\ThinkPHP\Library\Think\Auth.class.php(216) : eval()'d code 第 1 行.
NOTIC: [8] Use of undefined constant condition - assumed 'condition' F:\Dropbox\WorkPlace\WWW\newshop\ThinkPHP\Library\Think\Auth.class.php(216) : eval()'d code 第 1 行.
NOTIC: [8] Use of undefined constant condition - assumed 'condition' F:\Dropbox\WorkPlace\WWW\newshop\ThinkPHP\Library\Think\Auth.class.php(216) : eval()'d code 第 1 行.
NOTIC: [8] Use of undefined constant condition - assumed 'condition' F:\Dropbox\WorkPlace\WWW\newshop\ThinkPHP\Library\Think\Auth.class.php(216) : eval()'d code 第 1 行.
NOTIC: [8] Use of undefined constant condition - assumed 'condition' F:\Dropbox\WorkPlace\WWW\newshop\ThinkPHP\Library\Think\Auth.class.php(216) : eval()'d code 第 1 行.
NOTIC: [8] Use of undefined constant condition - assumed 'condition' F:\Dropbox\WorkPlace\WWW\newshop\ThinkPHP\Library\Think\Auth.class.php(216) : eval()'d code 第 1 行.
NOTIC: [8] Use of undefined constant condition - assumed 'condition' F:\Dropbox\WorkPlace\WWW\newshop\ThinkPHP\Library\Think\Auth.class.php(216) : eval()'d code 第 1 行.
NOTIC: [8] Use of undefined constant condition - assumed 'condition' F:\Dropbox\WorkPlace\WWW\newshop\ThinkPHP\Library\Think\Auth.class.php(216) : eval()'d code 第 1 行.
NOTIC: [8] Use of undefined constant condition - assumed 'condition' F:\Dropbox\WorkPlace\WWW\newshop\ThinkPHP\Library\Think\Auth.class.php(216) : eval()'d code 第 1 行.
NOTIC: [8] Use of undefined constant condition - assumed 'condition' F:\Dropbox\WorkPlace\WWW\newshop\ThinkPHP\Library\Think\Auth.class.php(216) : eval()'d code 第 1 行.
NOTIC: [8] Use of undefined constant condition - assumed 'condition' F:\Dropbox\WorkPlace\WWW\newshop\ThinkPHP\Library\Think\Auth.class.php(216) : eval()'d code 第 1 行.
NOTIC: [8] Use of undefined constant condition - assumed 'condition' F:\Dropbox\WorkPlace\WWW\newshop\ThinkPHP\Library\Think\Auth.class.php(216) : eval()'d code 第 1 行.
NOTIC: [8] Use of undefined constant condition - assumed 'condition' F:\Dropbox\WorkPlace\WWW\newshop\ThinkPHP\Library\Think\Auth.class.php(216) : eval()'d code 第 1 行.
NOTIC: [8] Use of undefined constant condition - assumed 'condition' F:\Dropbox\WorkPlace\WWW\newshop\ThinkPHP\Library\Think\Auth.class.php(216) : eval()'d code 第 1 行.
NOTIC: [8] Use of undefined constant condition - assumed 'condition' F:\Dropbox\WorkPlace\WWW\newshop\ThinkPHP\Library\Think\Auth.class.php(216) : eval()'d code 第 1 行.
NOTIC: [8] Use of undefined constant condition - assumed 'condition' F:\Dropbox\WorkPlace\WWW\newshop\ThinkPHP\Library\Think\Auth.class.php(216) : eval()'d code 第 1 行.
NOTIC: [8] Use of undefined constant condition - assumed 'condition' F:\Dropbox\WorkPlace\WWW\newshop\ThinkPHP\Library\Think\Auth.class.php(216) : eval()'d code 第 1 行.
NOTIC: [8] Use of undefined constant condition - assumed 'condition' F:\Dropbox\WorkPlace\WWW\newshop\ThinkPHP\Library\Think\Auth.class.php(216) : eval()'d code 第 1 行.
NOTIC: [8] Use of undefined constant condition - assumed 'condition' F:\Dropbox\WorkPlace\WWW\newshop\ThinkPHP\Library\Think\Auth.class.php(216) : eval()'d code 第 1 行.

[ 2016-07-23T22:52:38+08:00 ] ::1 /newshop/admin/group/modify
ERR: 参数错误或者未定义:id

[ 2016-07-23T22:52:49+08:00 ] ::1 /newshop/Admin/Group/ajaxmodify
INFO: [ app_begin ] --START--
INFO: Run Behavior\ReadHtmlCacheBehavior [ RunTime:0.001219s ]
INFO: [ app_begin ] --END-- [ RunTime:0.001915s ]
SQL: SHOW COLUMNS FROM `newshop_auth_group_access` [ RunTime:0.0009s ]
SQL: SELECT `uid`,`group_id`,`title`,`rules` FROM newshop_auth_group_access a INNER JOIN newshop_auth_group g on a.group_id=g.id  WHERE ( a.uid='1141' and g.status='1' )  [ RunTime:0.0007s ]
SQL: SHOW COLUMNS FROM `newshop_auth_rule` [ RunTime:0.0009s ]
SQL: SELECT `condition`,`name` FROM `newshop_auth_rule` WHERE `id` IN ('19','21','20','15','18','17','16','9','14','13','12','11','10','3','8','7','6','5','4','2','1') AND `type` = 1 AND `status` = 1  [ RunTime:0.0006s ]
SQL: SHOW COLUMNS FROM `newshop_mg_users` [ RunTime:0.0009s ]
SQL: SELECT * FROM `newshop_mg_users` LIMIT 1   [ RunTime:0.0004s ]
NOTIC: [8] Use of undefined constant condition - assumed 'condition' F:\Dropbox\WorkPlace\WWW\newshop\ThinkPHP\Library\Think\Auth.class.php(216) : eval()'d code 第 1 行.
NOTIC: [8] Use of undefined constant condition - assumed 'condition' F:\Dropbox\WorkPlace\WWW\newshop\ThinkPHP\Library\Think\Auth.class.php(216) : eval()'d code 第 1 行.
NOTIC: [8] Use of undefined constant condition - assumed 'condition' F:\Dropbox\WorkPlace\WWW\newshop\ThinkPHP\Library\Think\Auth.class.php(216) : eval()'d code 第 1 行.
NOTIC: [8] Use of undefined constant condition - assumed 'condition' F:\Dropbox\WorkPlace\WWW\newshop\ThinkPHP\Library\Think\Auth.class.php(216) : eval()'d code 第 1 行.
NOTIC: [8] Use of undefined constant condition - assumed 'condition' F:\Dropbox\WorkPlace\WWW\newshop\ThinkPHP\Library\Think\Auth.class.php(216) : eval()'d code 第 1 行.
NOTIC: [8] Use of undefined constant condition - assumed 'condition' F:\Dropbox\WorkPlace\WWW\newshop\ThinkPHP\Library\Think\Auth.class.php(216) : eval()'d code 第 1 行.
NOTIC: [8] Use of undefined constant condition - assumed 'condition' F:\Dropbox\WorkPlace\WWW\newshop\ThinkPHP\Library\Think\Auth.class.php(216) : eval()'d code 第 1 行.
NOTIC: [8] Use of undefined constant condition - assumed 'condition' F:\Dropbox\WorkPlace\WWW\newshop\ThinkPHP\Library\Think\Auth.class.php(216) : eval()'d code 第 1 行.
NOTIC: [8] Use of undefined constant condition - assumed 'condition' F:\Dropbox\WorkPlace\WWW\newshop\ThinkPHP\Library\Think\Auth.class.php(216) : eval()'d code 第 1 行.
NOTIC: [8] Use of undefined constant condition - assumed 'condition' F:\Dropbox\WorkPlace\WWW\newshop\ThinkPHP\Library\Think\Auth.class.php(216) : eval()'d code 第 1 行.
NOTIC: [8] Use of undefined constant condition - assumed 'condition' F:\Dropbox\WorkPlace\WWW\newshop\ThinkPHP\Library\Think\Auth.class.php(216) : eval()'d code 第 1 行.
NOTIC: [8] Use of undefined constant condition - assumed 'condition' F:\Dropbox\WorkPlace\WWW\newshop\ThinkPHP\Library\Think\Auth.class.php(216) : eval()'d code 第 1 行.
NOTIC: [8] Use of undefined constant condition - assumed 'condition' F:\Dropbox\WorkPlace\WWW\newshop\ThinkPHP\Library\Think\Auth.class.php(216) : eval()'d code 第 1 行.
NOTIC: [8] Use of undefined constant condition - assumed 'condition' F:\Dropbox\WorkPlace\WWW\newshop\ThinkPHP\Library\Think\Auth.class.php(216) : eval()'d code 第 1 行.
NOTIC: [8] Use of undefined constant condition - assumed 'condition' F:\Dropbox\WorkPlace\WWW\newshop\ThinkPHP\Library\Think\Auth.class.php(216) : eval()'d code 第 1 行.
NOTIC: [8] Use of undefined constant condition - assumed 'condition' F:\Dropbox\WorkPlace\WWW\newshop\ThinkPHP\Library\Think\Auth.class.php(216) : eval()'d code 第 1 行.
NOTIC: [8] Use of undefined constant condition - assumed 'condition' F:\Dropbox\WorkPlace\WWW\newshop\ThinkPHP\Library\Think\Auth.class.php(216) : eval()'d code 第 1 行.
NOTIC: [8] Use of undefined constant condition - assumed 'condition' F:\Dropbox\WorkPlace\WWW\newshop\ThinkPHP\Library\Think\Auth.class.php(216) : eval()'d code 第 1 行.
NOTIC: [8] Use of undefined constant condition - assumed 'condition' F:\Dropbox\WorkPlace\WWW\newshop\ThinkPHP\Library\Think\Auth.class.php(216) : eval()'d code 第 1 行.
NOTIC: [8] Use of undefined constant condition - assumed 'condition' F:\Dropbox\WorkPlace\WWW\newshop\ThinkPHP\Library\Think\Auth.class.php(216) : eval()'d code 第 1 行.
NOTIC: [8] Use of undefined constant condition - assumed 'condition' F:\Dropbox\WorkPlace\WWW\newshop\ThinkPHP\Library\Think\Auth.class.php(216) : eval()'d code 第 1 行.
SQL: SHOW COLUMNS FROM `newshop_auth_rule` [ RunTime:0.0010s ]
SQL: SELECT * FROM `newshop_auth_rule` WHERE `id` IN ('19','21','20','15','18','17','16','9','14','13','12','11','10','3','8','7','6','5','4','2','1') AND `name` NOT IN ('admin/index/welcome','admin/index/index','admin/group/ajaxmodify','admin/goods/ajaxdel','admin/goods/edit','admin/categorys/edit','admin/categorys/del')  [ RunTime:0.0009s ]
SQL: SHOW COLUMNS FROM `newshop_auth_group` [ RunTime:0.0007s ]
NOTIC: [8] Undefined index: validate F:\Dropbox\WorkPlace\WWW\newshop\ThinkPHP\Library\Think\Model.class.php 第 1297 行.
NOTIC: [8] Undefined index: auto F:\Dropbox\WorkPlace\WWW\newshop\ThinkPHP\Library\Think\Model.class.php 第 1228 行.
SQL: UPDATE `newshop_auth_group` SET `title`='管理员',`rules`='19,22,21,20,15,18,17,16,9,14,13,12,11,10,3,8,7,6,5,4,2,1' WHERE `id` = '1' [ RunTime:0.0004s ]

[ 2016-07-23T22:54:42+08:00 ] ::1 /newshop/admin/group/modify
ERR: 参数错误或者未定义:id

