[ 2016-07-20T13:34:37+08:00 ] ::1 /newshop/index.php/Admin/Goods/add
ERR: 1364:Field 'goods_desc' doesn't have a default value
 [ SQL语句 ] : INSERT INTO `newshop_goods` (`name`,`sn`,`cat_id`,`shop_price`,`market_price`,`weight`,`goods_number`,`is_new`,`is_on_sale`,`keywords`,`brief`,`seller_note`,`ori_img`,`goods_img`,`thumb_img`,`add_time`) VALUES ('测试新产品','GD2016072083067','12','100','121','1','12','1','1','','送达方式的发生大发多少发发','','good/2016-07-20/578f0d6d3e527.jpeg','good/2016-07-20/goods_578f0d6d3e527.jpeg','good/2016-07-20/thumb_578f0d6d3e527.jpeg','1468992877')

[ 2016-07-20T14:26:24+08:00 ] ::1 /newshop/index.php/Admin/Manager/checkCaptcha?data=5d7z
INFO: [ app_begin ] --START--
INFO: Run Behavior\ReadHtmlCacheBehavior [ RunTime:0.000805s ]
INFO: [ app_begin ] --END-- [ RunTime:0.001310s ]

[ 2016-07-20T14:26:44+08:00 ] ::1 /newshop/index.php/Admin/Manager/checkCaptcha?data=34kf
INFO: [ app_begin ] --START--
INFO: Run Behavior\ReadHtmlCacheBehavior [ RunTime:0.001524s ]
INFO: [ app_begin ] --END-- [ RunTime:0.002241s ]

[ 2016-07-20T14:32:03+08:00 ] ::1 /newshop/index.php/Admin/Manager/checkCaptcha?data=ri2v
INFO: [ app_begin ] --START--
INFO: Run Behavior\ReadHtmlCacheBehavior [ RunTime:0.000740s ]
INFO: [ app_begin ] --END-- [ RunTime:0.001331s ]

[ 2016-07-20T14:33:35+08:00 ] ::1 /newshop/index.php/Admin/Index/Index.htm
ERR: 非法操作:Index.htm

[ 2016-07-20T14:34:56+08:00 ] ::1 /newshop/index.php/Admin/Manager/checkCaptcha?data=qpyn
INFO: [ app_begin ] --START--
INFO: Run Behavior\ReadHtmlCacheBehavior [ RunTime:0.000935s ]
INFO: [ app_begin ] --END-- [ RunTime:0.001508s ]

[ 2016-07-20T14:39:22+08:00 ] ::1 /newshop/index.php/Admin/Manager/checkCaptcha?data=e6wa
INFO: [ app_begin ] --START--
INFO: Run Behavior\ReadHtmlCacheBehavior [ RunTime:0.001145s ]
INFO: [ app_begin ] --END-- [ RunTime:0.001875s ]

[ 2016-07-20T14:39:58+08:00 ] ::1 /newshop/index.php/Admin/Manager/checkCaptcha?data=nf2b
INFO: [ app_begin ] --START--
INFO: Run Behavior\ReadHtmlCacheBehavior [ RunTime:0.003183s ]
INFO: [ app_begin ] --END-- [ RunTime:0.004010s ]

[ 2016-07-20T14:41:07+08:00 ] ::1 /newshop/index.php/Admin/Manager/checkCaptcha?data=qxcz
INFO: [ app_begin ] --START--
INFO: Run Behavior\ReadHtmlCacheBehavior [ RunTime:0.001429s ]
INFO: [ app_begin ] --END-- [ RunTime:0.002227s ]

[ 2016-07-20T14:42:20+08:00 ] ::1 /newshop/index.php/Admin/Manager/checkCaptcha?data=yfmv
INFO: [ app_begin ] --START--
INFO: Run Behavior\ReadHtmlCacheBehavior [ RunTime:0.000693s ]
INFO: [ app_begin ] --END-- [ RunTime:0.001252s ]

[ 2016-07-20T14:43:37+08:00 ] ::1 /newshop/index.php/Admin/Manager/checkCaptcha?data=jrnb
INFO: [ app_begin ] --START--
INFO: Run Behavior\ReadHtmlCacheBehavior [ RunTime:0.001360s ]
INFO: [ app_begin ] --END-- [ RunTime:0.002318s ]

[ 2016-07-20T14:43:46+08:00 ] ::1 /newshop/index.php/Admin/Manager/checkCaptcha?data=fhti
INFO: [ app_begin ] --START--
INFO: Run Behavior\ReadHtmlCacheBehavior [ RunTime:0.001273s ]
INFO: [ app_begin ] --END-- [ RunTime:0.002191s ]

[ 2016-07-20T14:43:46+08:00 ] ::1 /newshop/index.php/Admin/Manager/editManager?id=1148
ERR: 1048:Column 'password' cannot be null
 [ SQL语句 ] : UPDATE `newshop_mg_users` SET `username`='aaaaaxx',`email`='',`phone`='',`password`=NULL,`salt`='3aj*dja4' WHERE `id` = 1148

[ 2016-07-20T14:48:08+08:00 ] ::1 /newshop/index.php/Admin/Manager/checkCaptcha?data=k7xx
INFO: [ app_begin ] --START--
INFO: Run Behavior\ReadHtmlCacheBehavior [ RunTime:0.001768s ]
INFO: [ app_begin ] --END-- [ RunTime:0.002713s ]

[ 2016-07-20T15:01:14+08:00 ] ::1 /newshop/index.php/Admin/Manager/checkCaptcha?data=qzuw
INFO: [ app_begin ] --START--
INFO: Run Behavior\ReadHtmlCacheBehavior [ RunTime:0.002106s ]
INFO: [ app_begin ] --END-- [ RunTime:0.003493s ]

[ 2016-07-20T15:01:46+08:00 ] ::1 /newshop/index.php/Admin/Manager/checkCaptcha?data=umsf
INFO: [ app_begin ] --START--
INFO: Run Behavior\ReadHtmlCacheBehavior [ RunTime:0.001410s ]
INFO: [ app_begin ] --END-- [ RunTime:0.002149s ]

[ 2016-07-20T15:04:19+08:00 ] ::1 /newshop/index.php/Admin/Manager/checkCaptcha?data=xxer
INFO: [ app_begin ] --START--
INFO: Run Behavior\ReadHtmlCacheBehavior [ RunTime:0.001338s ]
INFO: [ app_begin ] --END-- [ RunTime:0.002051s ]

[ 2016-07-20T15:04:33+08:00 ] ::1 /newshop/index.php/Admin/Manager/checkCaptcha?data=2m2u
INFO: [ app_begin ] --START--
INFO: Run Behavior\ReadHtmlCacheBehavior [ RunTime:0.001197s ]
INFO: [ app_begin ] --END-- [ RunTime:0.002054s ]

[ 2016-07-20T15:04:52+08:00 ] ::1 /newshop/index.php/Admin/Manager/checkCaptcha?data=hsf2
INFO: [ app_begin ] --START--
INFO: Run Behavior\ReadHtmlCacheBehavior [ RunTime:0.001827s ]
INFO: [ app_begin ] --END-- [ RunTime:0.002667s ]

[ 2016-07-20T19:31:51+08:00 ] ::1 /newshop/index.php/admin/index.php
ERR: 无法加载控制器:Index.php

[ 2016-07-20T21:52:08+08:00 ] ::1 /newshop/Admin/Manager/checkCaptcha?data=uazm
INFO: [ app_begin ] --START--
INFO: Run Behavior\ReadHtmlCacheBehavior [ RunTime:0.000859s ]
INFO: [ app_begin ] --END-- [ RunTime:0.001619s ]

[ 2016-07-20T21:52:30+08:00 ] ::1 /newshop/Admin/Manager/checkCaptcha?data=zdlt
INFO: [ app_begin ] --START--
INFO: Run Behavior\ReadHtmlCacheBehavior [ RunTime:0.001026s ]
INFO: [ app_begin ] --END-- [ RunTime:0.005348s ]

[ 2016-07-20T21:56:04+08:00 ] ::1 /newshop/Admin/Manager/checkCaptcha?data=thwf
INFO: [ app_begin ] --START--
INFO: Run Behavior\ReadHtmlCacheBehavior [ RunTime:0.001452s ]
INFO: [ app_begin ] --END-- [ RunTime:0.002235s ]

[ 2016-07-20T23:07:46+08:00 ] ::1 /newshop/Admin/Index/index.html
INFO: [ app_init ] --START--
INFO: Run Behavior\BuildLiteBehavior [ RunTime:0.000086s ]
INFO: [ app_init ] --END-- [ RunTime:0.001704s ]
INFO: [ app_begin ] --START--
INFO: Run Behavior\ReadHtmlCacheBehavior [ RunTime:0.001477s ]
INFO: [ app_begin ] --END-- [ RunTime:0.001759s ]
SQL: SHOW COLUMNS FROM `newshop_auth_rule` [ RunTime:0.0020s ]
INFO: [ view_parse ] --START--
INFO: [ template_filter ] --START--
INFO: Run Behavior\ContentReplaceBehavior [ RunTime:0.000104s ]
INFO: [ template_filter ] --END-- [ RunTime:0.000270s ]
NOTIC: [8] Undefined index: mg_user F:\Dropbox\WorkPlace\WWW\newshop\Application\Runtime\Cache\Admin\c24f369bf487592a1c53cff42f776ace.php 第 41 行.
INFO: Run Behavior\ParseTemplateBehavior [ RunTime:0.030887s ]
INFO: [ view_parse ] --END-- [ RunTime:0.031170s ]
INFO: [ view_filter ] --START--
INFO: Run Behavior\WriteHtmlCacheBehavior [ RunTime:0.001396s ]
INFO: Run Behavior\TokenBuildBehavior [ RunTime:0.002112s ]
INFO: [ view_filter ] --END-- [ RunTime:0.003978s ]
INFO: [ app_end ] --START--
INFO: Run Behavior\ShowPageTraceBehavior [ RunTime:0.004791s ]
INFO: Run Behavior\ChromeShowPageTraceBehavior [ RunTime:0.005564s ]
INFO: [ app_end ] --END-- [ RunTime:0.011526s ]

[ 2016-07-20T23:07:47+08:00 ] ::1 /newshop/Admin/Index/welcome
INFO: [ app_init ] --START--
INFO: Run Behavior\BuildLiteBehavior [ RunTime:0.000252s ]
INFO: [ app_init ] --END-- [ RunTime:0.001955s ]
INFO: [ app_begin ] --START--
INFO: Run Behavior\ReadHtmlCacheBehavior [ RunTime:0.001425s ]
INFO: [ app_begin ] --END-- [ RunTime:0.001690s ]
INFO: [ view_parse ] --START--
INFO: [ template_filter ] --START--
INFO: Run Behavior\ContentReplaceBehavior [ RunTime:0.000126s ]
INFO: [ template_filter ] --END-- [ RunTime:0.000414s ]
INFO: Run Behavior\ParseTemplateBehavior [ RunTime:0.020602s ]
INFO: [ view_parse ] --END-- [ RunTime:0.020914s ]
INFO: [ view_filter ] --START--
INFO: Run Behavior\WriteHtmlCacheBehavior [ RunTime:0.001455s ]
INFO: Run Behavior\TokenBuildBehavior [ RunTime:0.001573s ]
INFO: [ view_filter ] --END-- [ RunTime:0.003470s ]
INFO: [ app_end ] --START--
INFO: Run Behavior\ShowPageTraceBehavior [ RunTime:0.001713s ]
INFO: Run Behavior\ChromeShowPageTraceBehavior [ RunTime:0.003030s ]
INFO: [ app_end ] --END-- [ RunTime:0.005172s ]

