[ 2016-07-16T06:19:15+08:00 ] ::1 /newshop/index.php/admin/goods/ueditor.config.js
ERR: 非法操作:ueditor.config.js

[ 2016-07-16T06:19:15+08:00 ] ::1 /newshop/index.php/admin/goods/ueditor.all.js
ERR: 非法操作:ueditor.all.js

[ 2016-07-16T06:19:40+08:00 ] ::1 /newshop/index.php/admin/goods/ueditor.config.js
ERR: 非法操作:ueditor.config.js

[ 2016-07-16T06:19:40+08:00 ] ::1 /newshop/index.php/admin/goods/ueditor.all.js
ERR: 非法操作:ueditor.all.js

[ 2016-07-16T06:25:59+08:00 ] ::1 /newshop/index.php/admin/goods/ueditor.config.js
ERR: 非法操作:ueditor.config.js

[ 2016-07-16T06:25:59+08:00 ] ::1 /newshop/index.php/admin/goods/ueditor.all.js
ERR: 非法操作:ueditor.all.js

[ 2016-07-16T06:28:08+08:00 ] ::1 /newshop/index.php/admin//newshop/index.php/AdminPublic/component/ueditor/ueditor.config.js
ERR: 无法加载控制器:Newshop

[ 2016-07-16T06:28:08+08:00 ] ::1 /newshop/index.php/admin//newshop/index.php/AdminPublic/component/ueditor/ueditor.all.js
ERR: 无法加载控制器:Newshop

[ 2016-07-16T06:28:44+08:00 ] ::1 /newshop/index.php/Admin/Public/component/ueditor/ueditor.config.js
ERR: 无法加载控制器:Public

[ 2016-07-16T06:28:44+08:00 ] ::1 /newshop/index.php/Admin/Public/component/ueditor/ueditor.all.js
ERR: 无法加载控制器:Public

[ 2016-07-16T06:29:18+08:00 ] ::1 /newshop/index.php/admin//newshop/index.php/Adminueditor.config.js
ERR: 无法加载控制器:Newshop

[ 2016-07-16T06:29:18+08:00 ] ::1 /newshop/index.php/admin//newshop/index.php/Adminueditor.all.js
ERR: 无法加载控制器:Newshop

