[ 2016-07-21T14:42:13+08:00 ] ::1 /newshop/admin/goods/add
ERR: 不存在的图像文件

[ 2016-07-21T14:56:08+08:00 ] ::1 /newshop/admin/goods/SITE_URLPublic/component/ueditor/ueditor.config.js
ERR: 非法操作:SITE_URLPublic

[ 2016-07-21T14:56:08+08:00 ] ::1 /newshop/admin/goods/SITE_URLPublic/component/ueditor/ueditor.all.js
ERR: 非法操作:SITE_URLPublic

[ 2016-07-21T14:56:37+08:00 ] ::1 /newshop/admin/goods/SITE_URLPublic/component/ueditor/ueditor.config.js
ERR: 非法操作:SITE_URLPublic

[ 2016-07-21T14:56:37+08:00 ] ::1 /newshop/admin/goods/SITE_URLPublic/component/ueditor/ueditor.all.js
ERR: 非法操作:SITE_URLPublic

[ 2016-07-21T14:56:37+08:00 ] ::1 /newshop/admin/goods/SITE_URLPublic/component/ueditor/ueditor.all.js
ERR: 非法操作:SITE_URLPublic

[ 2016-07-21T15:17:33+08:00 ] ::1 /newshop/admin/goods/SITE_URLPublic/component/ueditor/ueditor.config.js
ERR: 非法操作:SITE_URLPublic

[ 2016-07-21T15:17:33+08:00 ] ::1 /newshop/admin/goods/SITE_URLPublic/component/ueditor/ueditor.all.js
ERR: 非法操作:SITE_URLPublic

[ 2016-07-21T15:17:44+08:00 ] ::1 /newshop/admin/goods/SITE_URLPublic/component/ueditor/ueditor.config.js
ERR: 非法操作:SITE_URLPublic

[ 2016-07-21T15:17:44+08:00 ] ::1 /newshop/admin/goods/SITE_URLPublic/component/ueditor/ueditor.all.js
ERR: 非法操作:SITE_URLPublic

[ 2016-07-21T15:17:59+08:00 ] ::1 /newshop/admin/goods/SITE_URLPublic/component/ueditor/ueditor.config.js
ERR: 非法操作:SITE_URLPublic

[ 2016-07-21T15:17:59+08:00 ] ::1 /newshop/admin/goods/SITE_URLPublic/component/ueditor/ueditor.all.js
ERR: 非法操作:SITE_URLPublic

[ 2016-07-21T15:17:59+08:00 ] ::1 /newshop/admin/goods/SITE_URLPublic/component/ueditor/ueditor.all.js
ERR: 非法操作:SITE_URLPublic

[ 2016-07-21T15:23:40+08:00 ] ::1 /newshop/admin/goods/SITE_URLPublic/component/ueditor/ueditor.config.js
ERR: 非法操作:SITE_URLPublic

[ 2016-07-21T15:23:40+08:00 ] ::1 /newshop/admin/goods/SITE_URLPublic/component/ueditor/ueditor.all.js
ERR: 非法操作:SITE_URLPublic

[ 2016-07-21T15:23:57+08:00 ] ::1 /newshop/Admin/goods/SITE_URLPublic/component/ueditor/ueditor.all.js
ERR: 非法操作:SITE_URLPublic

[ 2016-07-21T15:23:57+08:00 ] ::1 /newshop/Admin/goods/SITE_URLPublic/component/ueditor/ueditor.config.js
ERR: 非法操作:SITE_URLPublic

[ 2016-07-21T15:23:57+08:00 ] ::1 /newshop/Admin/goods/SITE_URLPublic/component/ueditor/ueditor.all.js
ERR: 非法操作:SITE_URLPublic

[ 2016-07-21T15:32:42+08:00 ] ::1 /newshop/Admin/goods/SITE_URLPublic/component/ueditor/ueditor.all.js
ERR: 非法操作:SITE_URLPublic

[ 2016-07-21T15:32:42+08:00 ] ::1 /newshop/Admin/goods/SITE_URLPublic/component/ueditor/ueditor.config.js
ERR: 非法操作:SITE_URLPublic

[ 2016-07-21T15:32:42+08:00 ] ::1 /newshop/Admin/goods/SITE_URLPublic/component/ueditor/ueditor.all.js
ERR: 非法操作:SITE_URLPublic

[ 2016-07-21T15:36:16+08:00 ] ::1 /newshop/Admin/goods/add
ERR: 1406:Data too long for column 'name' at row 1
 [ SQL语句 ] : INSERT INTO `newshop_goods` (`name`,`cat_id`,`shop_price`,`market_price`,`weight`,`goods_number`,`is_best`,`is_on_sale`,`keywords`,`brief`,`seller_note`,`ori_img`,`goods_img`,`thumb_img`,`add_time`,`sn`) VALUES ('荣耀7 (PLK-AL10) 3GB+64GB内存版 荣耀金 移动联通电信4G手机 双卡双待双通','8','1900','2100','1','20','1','1','华为,智能手机','一键智灵，指纹识别，2000万后置摄像头！【荣耀手机~更多惊喜请点击】
选择下方购买方式→【移动优惠购】→【北京老用户优惠购机】即享优惠【套餐享7折+免费宽带】','','good/2016-07-21/57907b6fcb4e2.jpg,good/2016-07-21/57907b6fcfe80.jpg,good/2016-07-21/57907b6fd80ef.jpg','good/2016-07-21/goods_57907b6fcb4e2.jpg,good/2016-07-21/goods_57907b6fcfe80.jpg,good/2016-07-21/goods_57907b6fd80ef.jpg','good/2016-07-21/thumb_57907b6fcb4e2.jpg,good/2016-07-21/thumb_57907b6fcfe80.jpg,good/2016-07-21/thumb_57907b6fd80ef.jpg','1469086576','GD2016072174456')

[ 2016-07-21T15:37:26+08:00 ] ::1 /newshop/Admin/goods/SITE_URLPublic/component/ueditor/ueditor.all.js
ERR: 非法操作:SITE_URLPublic

[ 2016-07-21T15:37:26+08:00 ] ::1 /newshop/Admin/goods/SITE_URLPublic/component/ueditor/ueditor.config.js
ERR: 非法操作:SITE_URLPublic

[ 2016-07-21T15:37:26+08:00 ] ::1 /newshop/Admin/goods/SITE_URLPublic/component/ueditor/ueditor.all.js
ERR: 非法操作:SITE_URLPublic

[ 2016-07-21T15:37:28+08:00 ] ::1 /newshop/Admin/goods/SITE_URLPublic/component/ueditor/ueditor.all.js
ERR: 非法操作:SITE_URLPublic

[ 2016-07-21T15:37:28+08:00 ] ::1 /newshop/Admin/goods/SITE_URLPublic/component/ueditor/ueditor.config.js
ERR: 非法操作:SITE_URLPublic

[ 2016-07-21T15:37:29+08:00 ] ::1 /newshop/Admin/goods/SITE_URLPublic/component/ueditor/ueditor.all.js
ERR: 非法操作:SITE_URLPublic

[ 2016-07-21T15:37:33+08:00 ] ::1 /newshop/Admin/goods/add
ERR: 1406:Data too long for column 'ori_img' at row 1
 [ SQL语句 ] : INSERT INTO `newshop_goods` (`name`,`cat_id`,`shop_price`,`market_price`,`weight`,`goods_number`,`is_best`,`is_on_sale`,`keywords`,`brief`,`seller_note`,`ori_img`,`goods_img`,`thumb_img`,`add_time`,`sn`) VALUES ('荣耀7 (PLK-AL10) 3GB+64GB内存版 荣耀金 移动联通电信4G手机 双卡双待双通','8','1900','2100','1','20','1','1','华为,智能手机','一键智灵，指纹识别，2000万后置摄像头！【荣耀手机~更多惊喜请点击】
选择下方购买方式→【移动优惠购】→【北京老用户优惠购机】即享优惠【套餐享7折+免费宽带】','','good/2016-07-21/57907bbcafb42.jpg,good/2016-07-21/57907bbcb0dfd.jpg,good/2016-07-21/57907bbcb3f2f.jpg','good/2016-07-21/goods_57907bbcafb42.jpg,good/2016-07-21/goods_57907bbcb0dfd.jpg,good/2016-07-21/goods_57907bbcb3f2f.jpg','good/2016-07-21/thumb_57907bbcafb42.jpg,good/2016-07-21/thumb_57907bbcb0dfd.jpg,good/2016-07-21/thumb_57907bbcb3f2f.jpg','1469086653','GD2016072167322')

[ 2016-07-21T15:38:26+08:00 ] ::1 /newshop/Admin/goods/SITE_URLPublic/component/ueditor/ueditor.config.js
ERR: 非法操作:SITE_URLPublic

[ 2016-07-21T15:38:26+08:00 ] ::1 /newshop/Admin/goods/SITE_URLPublic/component/ueditor/ueditor.all.js
ERR: 非法操作:SITE_URLPublic

[ 2016-07-21T15:38:31+08:00 ] ::1 /newshop/Admin/goods/add
ERR: 1364:Field 'goods_desc' doesn't have a default value
 [ SQL语句 ] : INSERT INTO `newshop_goods` (`name`,`cat_id`,`shop_price`,`market_price`,`weight`,`goods_number`,`is_best`,`is_on_sale`,`keywords`,`brief`,`seller_note`,`ori_img`,`goods_img`,`thumb_img`,`add_time`,`sn`) VALUES ('荣耀7 (PLK-AL10) 3GB+64GB内存版 荣耀金 移动联通电信4G手机 双卡双待双通','8','1900','2100','1','20','1','1','华为,智能手机','一键智灵，指纹识别，2000万后置摄像头！【荣耀手机~更多惊喜请点击】
选择下方购买方式→【移动优惠购】→【北京老用户优惠购机】即享优惠【套餐享7折+免费宽带】','','good/2016-07-21/57907bf766ff1.jpg,good/2016-07-21/57907bf767c4c.jpg,good/2016-07-21/57907bf768bb9.jpg','good/2016-07-21/goods_57907bf766ff1.jpg,good/2016-07-21/goods_57907bf767c4c.jpg,good/2016-07-21/goods_57907bf768bb9.jpg','good/2016-07-21/thumb_57907bf766ff1.jpg,good/2016-07-21/thumb_57907bf767c4c.jpg,good/2016-07-21/thumb_57907bf768bb9.jpg','1469086711','GD2016072163654')

[ 2016-07-21T15:40:11+08:00 ] ::1 /newshop/Admin/goods/SITE_URLPublic/component/ueditor/ueditor.config.js
ERR: 非法操作:SITE_URLPublic

[ 2016-07-21T15:40:11+08:00 ] ::1 /newshop/Admin/goods/SITE_URLPublic/component/ueditor/ueditor.all.js
ERR: 非法操作:SITE_URLPublic

[ 2016-07-21T15:40:14+08:00 ] ::1 /newshop/Admin/goods/Application/Public/component/ueditor/ueditor.config.js
ERR: 非法操作:Application

[ 2016-07-21T15:40:14+08:00 ] ::1 /newshop/Admin/goods/Application/Public/component/ueditor/ueditor.all.js
ERR: 非法操作:Application

[ 2016-07-21T15:40:23+08:00 ] ::1 /newshop/Admin/goods/Application/Public/component/ueditor/ueditor.all.js
ERR: 非法操作:Application

[ 2016-07-21T15:42:34+08:00 ] ::1 /newshop/Admin/goods/Public/component/ueditor/ueditor.config.js
ERR: 非法操作:Public

[ 2016-07-21T15:43:35+08:00 ] ::1 /newshop/Admin/goods/Public/component/ueditor/ueditor.config.js
ERR: 非法操作:Public

[ 2016-07-21T21:33:32+08:00 ] ::1 /newshop/Admin/Goods/del?id=21
INFO: [ app_begin ] --START--
INFO: Run Behavior\ReadHtmlCacheBehavior [ RunTime:0.000745s ]
INFO: [ app_begin ] --END-- [ RunTime:0.001274s ]
SQL: SHOW COLUMNS FROM `newshop_goods` [ RunTime:0.0013s ]
SQL: SELECT * FROM `newshop_goods` WHERE `id` = 21 LIMIT 1   [ RunTime:0.0006s ]
SQL: UPDATE `newshop_goods` SET `is_delete`='1' WHERE ( id=21 ) [ RunTime:0.0005s ]

[ 2016-07-21T21:34:11+08:00 ] ::1 /newshop/Admin/Goods/del?id=21
INFO: [ app_begin ] --START--
INFO: Run Behavior\ReadHtmlCacheBehavior [ RunTime:0.004154s ]
INFO: [ app_begin ] --END-- [ RunTime:0.005219s ]
SQL: SHOW COLUMNS FROM `newshop_goods` [ RunTime:0.0013s ]
SQL: SELECT * FROM `newshop_goods` WHERE `id` = 21 LIMIT 1   [ RunTime:0.0005s ]
SQL: UPDATE `newshop_goods` SET `is_delete`='1' WHERE ( id=21 ) [ RunTime:0.0003s ]

